ScriptWrapper
progscala.implicits.payroll.CalculatePayroll
progscala.implicits.payroll.CalculatePayroll2
progscala2.appdesign.parthenon.PayrollParthenon
progscala2.concurrency.akka.AkkaClient
progscala2.dsls.payroll.internal.Payroll
progscala2.dsls.payroll.parsercomb.Payroll
progscala2.forcomps.RemoveBlanks
progscala2.fp.loops.Factorial
progscala2.implicits.scaladb.DB
progscala2.introscala.Upper
progscala2.introscala.Upper2
progscala2.introscala.shapes.ShapesDrawingDriver
progscala2.javainterop.ScalaTuples
progscala2.objectsystem.CommandArgs
progscala2.objectsystem.JavaArrays
progscala2.objectsystem.objects.Person
progscala2.objectsystem.objects.PersonTest
progscala2.rounding.TryCatch
progscala2.rounding.TryCatchARM
